40 head + 30 eval pieces | embeddings=emb_leakfree | rff_dim=256 | noise_floor_frac=0.05

Forced l2=10 for every head (CV skipped):
  LM        -> l2=10   (l2=10: 0.4356)
  feat-lin  -> l2=10   (l2=10: 0.4368)
  feat-rff  -> l2=10   (l2=10: 0.4395)
feature variant for the grid: feat-lin
l2 per grid mean: {'feat': 10.0, 'LM': 10.0, 'feat+LM': 10.0}
heads fit on head split
seed 1/4 done
seed 2/4 done
seed 3/4 done
seed 4/4 done

Pooled (30 pieces x 4 seeds, identical masks):
mean      graph      RMSE       NLL   cov@.9  cal-err
zero      off      0.5664   -0.0068    0.869    0.173
zero      on       0.4041   -0.3083    0.923    0.083
feat      off      0.4509   -0.1518    0.902    0.094
feat      on       0.4106   -0.3086    0.919    0.076
LM        off      0.4451   -0.1825    0.893    0.072
LM        on       0.3928   -0.3357    0.918    0.066
feat+LM   off      0.4381   -0.1943    0.894    0.070
feat+LM   on       0.3879   -0.3474    0.919    0.064

[tau]
mean      graph      RMSE       NLL   cov@.9
zero      off      0.1627   -0.7959    0.946
zero      on       0.1559   -0.8003    0.945
feat      off      0.1622   -0.7658    0.939
feat      on       0.1563   -0.8282    0.945
LM        off      0.1669   -0.6932    0.926
LM        on       0.1585   -0.8140    0.942
feat+LM   off      0.1669   -0.6947    0.929
feat+LM   on       0.1586   -0.8062    0.943

[log r]
mean      graph      RMSE       NLL   cov@.9
zero      off      0.9600    1.4948    0.784
zero      on       0.6775    0.9750    0.908
feat      off      0.7558    1.1306    0.885
feat      on       0.6892    1.0179    0.899
LM        off      0.7473    1.1198    0.890
LM        on       0.6570    0.9444    0.910
feat+LM   off      0.7349    1.0988    0.890
feat+LM   on       0.6485    0.9310    0.910

[v]
mean      graph      RMSE       NLL   cov@.9
zero      off      0.1194   -0.7194    0.877
zero      on       0.0803   -1.0994    0.917
feat      off      0.1105   -0.8202    0.880
feat      on       0.0800   -1.1154    0.912
LM        off      0.0899   -0.9740    0.864
LM        on       0.0779   -1.1377    0.902
feat+LM   off      0.0888   -0.9871    0.864
feat+LM   on       0.0755   -1.1669    0.903

Paired bootstrap, per-piece diff (negative = first better):
  RMSE LM vs feat            (mean only)  -0.0060 [-0.0145, +0.0027]  
  RMSE LM vs feat            (graph on)   -0.0147 [-0.0436, +0.0025]  
  RMSE feat+LM vs feat       (graph on)   -0.0191 [-0.0475, -0.0030] *
  RMSE feat+LM vs LM         (graph on)   -0.0044 [-0.0074, -0.0015] *
  RMSE feat vs zero          (graph on)   +0.0035 [-0.0128, +0.0317]  
  NLL  LM vs feat            (mean only)  -0.0304 [-0.0591, +0.0024]  
  NLL  LM vs feat            (graph on)   -0.0265 [-0.0852, +0.0160]  
  NLL  feat+LM vs feat       (graph on)   -0.0381 [-0.0953, +0.0042]  
  NLL  feat+LM vs LM         (graph on)   -0.0115 [-0.0186, -0.0049] *
  NLL  feat vs zero          (graph on)   -0.0003 [-0.0405, +0.0558]  

Reading: if 'LM vs feat' spans 0 and 'feat+LM vs feat' spans 0, the pretrained LM adds nothing beyond hand-built score features and the claim must be reworded; if LM wins or adds on top, Phase 0 earns its place.
