rows: ['a_diag', 'a_icm', 'a_icm_m2', 'b_feat', 'b_featlm', 'b_feat_nograph', 'b_featlm_nograph', 'b_fixedmean', 'c_graph', 'c_harm', 'c_harm_lm', 'd_corpus', 'd_hybrid', 'zero+graph', 'LM+graph', 'feat+LM+graph', 'headline (feat+LM+harm)']

row                            RMSE       NLL   cov@.9  cal-err  med-cell    worst  dRMSE vs b_featlm [95% CI]   dNLL [95% CI]
a_diag                       0.4036   -0.3062    0.923    0.083    0.3955   0.6048      +0.0442 [+0.0337,+0.0561]*   +0.0979 [+0.0758,+0.1228]*
a_icm                        0.4029   -0.3164    0.923    0.083    0.3943   0.6084      +0.0433 [+0.0327,+0.0542]*   +0.0880 [+0.0660,+0.1094]*
a_icm_m2                     0.4032   -0.3020    0.920    0.085    0.3920   0.6117      +0.0435 [+0.0334,+0.0546]*   +0.1020 [+0.0798,+0.1248]*
b_feat                       0.3683   -0.3696    0.923    0.081    0.3575   0.6038      +0.0084 [+0.0023,+0.0160]*   +0.0344 [+0.0201,+0.0517]*
b_featlm                     0.3601   -0.4038    0.927    0.080    0.3547   0.5887                               —                            —
b_feat_nograph               0.3758   -0.3206    0.920    0.082    0.3687   0.6010      +0.0168 [+0.0072,+0.0273]*   +0.0830 [+0.0670,+0.0998]*
b_featlm_nograph             0.3755   -0.3370    0.925    0.087    0.3685   0.6017      +0.0165 [+0.0067,+0.0273]*   +0.0666 [+0.0519,+0.0821]*
b_fixedmean                  0.3898   -0.3274    0.920    0.065    0.3878   0.5850      +0.0306 [+0.0210,+0.0411]*   +0.0772 [+0.0370,+0.1194]*
c_graph                      0.3648   -0.3835    0.918    0.077    0.3590   0.5894      +0.0054 [-0.0030,+0.0149]    +0.0204 [+0.0003,+0.0431]*
c_harm                       0.3602   -0.3820    0.917    0.078    0.3530   0.5898      +0.0009 [-0.0082,+0.0105]    +0.0216 [-0.0014,+0.0468] 
c_harm_lm                    0.3564   -0.3988    0.920    0.075    0.3541   0.6002      -0.0028 [-0.0104,+0.0049]    +0.0051 [-0.0137,+0.0261] 
d_corpus                     0.3670   -0.1833    0.929    0.110    0.3592   0.5871      +0.0074 [+0.0011,+0.0152]*   +0.2213 [+0.0653,+0.4572]*
d_hybrid                     0.3671   -0.3498    0.941    0.110    0.3592   0.5848      +0.0074 [+0.0010,+0.0152]*   +0.0550 [-0.0154,+0.1264] 
zero+graph                   0.4041   -0.3083    0.923    0.083    0.3972   0.6048      +0.0446 [+0.0341,+0.0557]*   +0.0959 [+0.0716,+0.1217]*
LM+graph                     0.3930   -0.3223    0.921    0.067    0.3865   0.5954      +0.0337 [+0.0238,+0.0451]*   +0.0825 [+0.0423,+0.1237]*
feat+LM+graph                0.3879   -0.3330    0.921    0.065    0.3809   0.5835      +0.0290 [+0.0188,+0.0400]*   +0.0717 [+0.0306,+0.1133]*
headline (feat+LM+harm)      0.3795   -0.3459    0.922    0.066    0.3765   0.5777      +0.0208 [+0.0106,+0.0319]*   +0.0589 [+0.0147,+0.1025]*

per-channel (RMSE / cov@.9):
row                          tau RMSE   tau cov log r RMSE log r cov     v RMSE     v cov
a_diag                         0.1557     0.945     0.6768     0.908     0.0805     0.917
a_icm                          0.1556     0.944     0.6756     0.908     0.0802     0.917
a_icm_m2                       0.1558     0.942     0.6761     0.906     0.0796     0.912
b_feat                         0.1525     0.948     0.6148     0.909     0.0749     0.912
b_featlm                       0.1519     0.947     0.6006     0.913     0.0720     0.920
b_feat_nograph                 0.1536     0.949     0.6264     0.908     0.0875     0.902
b_featlm_nograph               0.1535     0.950     0.6265     0.908     0.0832     0.918
b_fixedmean                    0.1580     0.940     0.6515     0.910     0.0796     0.909
c_graph                        0.1528     0.944     0.6087     0.906     0.0735     0.903
c_harm                         0.1516     0.944     0.6011     0.903     0.0711     0.903
c_harm_lm                      0.1530     0.945     0.5933     0.905     0.0753     0.910
d_corpus                       0.1502     0.960     0.6131     0.913     0.0742     0.913
d_hybrid                       0.1512     0.969     0.6131     0.912     0.0745     0.942
zero+graph                     0.1559     0.945     0.6775     0.908     0.0803     0.917
LM+graph                       0.1581     0.943     0.6571     0.910     0.0810     0.909
feat+LM+graph                  0.1581     0.941     0.6481     0.911     0.0792     0.911
headline (feat+LM+harm)        0.1580     0.940     0.6332     0.913     0.0779     0.911
