rows: ['a_diag', 'a_icm', 'a_icm_m2', 'b_feat', 'b_featlm', 'c_graph', 'c_harm', 'c_harm_lm', 'd_corpus', 'd_hybrid', 'zero+graph', 'LM+graph', 'feat+LM+graph', 'headline (feat+LM+harm)']

row                            RMSE       NLL   cov@.9  med-cell    worst  dRMSE vs headline (feat+LM+harm) [95% CI]   dNLL [95% CI]
a_diag                       0.4036   -0.3062    0.923    0.3955   0.6048      +0.0234 [+0.0168,+0.0300]*   +0.0390 [-0.0026,+0.0781] 
a_icm                        0.4029   -0.3148    0.923    0.3940   0.6084      +0.0224 [+0.0156,+0.0294]*   +0.0307 [-0.0045,+0.0626] 
a_icm_m2                     0.4032   -0.3020    0.920    0.3920   0.6117      +0.0227 [+0.0152,+0.0299]*   +0.0432 [+0.0016,+0.0819]*
b_feat                       0.3679   -0.3699    0.923    0.3575   0.6038      -0.0128 [-0.0238,-0.0030]*   -0.0248 [-0.0756,+0.0300] 
b_featlm                     0.3590   -0.4051    0.927    0.3543   0.5896      -0.0218 [-0.0332,-0.0110]*   -0.0602 [-0.1056,-0.0166]*
c_graph                      0.3647   -0.3841    0.918    0.3590   0.5894      -0.0156 [-0.0276,-0.0039]*   -0.0391 [-0.0866,+0.0104] 
c_harm                       0.3606   -0.3816    0.917    0.3530   0.5897      -0.0196 [-0.0300,-0.0094]*   -0.0368 [-0.0862,+0.0137] 
c_harm_lm                    0.3561   -0.3956    0.920    0.3538   0.6002      -0.0240 [-0.0351,-0.0127]*   -0.0506 [-0.0964,-0.0065]*
d_corpus                     0.3670   -0.1833    0.929    0.3592   0.5871      -0.0135 [-0.0243,-0.0037]*   +0.1625 [+0.0279,+0.3837]*
d_hybrid                     0.3671   -0.3498    0.941    0.3592   0.5848      -0.0135 [-0.0236,-0.0039]*   -0.0038 [-0.0422,+0.0381] 
zero+graph                   0.4041   -0.3083    0.923    0.3972   0.6048      +0.0238 [+0.0168,+0.0302]*   +0.0370 [-0.0047,+0.0772] 
LM+graph                     0.3930   -0.3223    0.921    0.3865   0.5954      +0.0129 [+0.0092,+0.0170]*   +0.0236 [+0.0136,+0.0348]*
feat+LM+graph                0.3879   -0.3330    0.921    0.3809   0.5835      +0.0082 [+0.0055,+0.0114]*   +0.0129 [+0.0061,+0.0192]*
headline (feat+LM+harm)      0.3795   -0.3459    0.922    0.3765   0.5777                               —                            —

per-channel (RMSE / cov@.9):
row                          tau RMSE   tau cov log r RMSE log r cov     v RMSE     v cov
a_diag                         0.1557     0.945     0.6768     0.908     0.0805     0.917
a_icm                          0.1556     0.944     0.6755     0.908     0.0802     0.916
a_icm_m2                       0.1558     0.942     0.6761     0.906     0.0796     0.912
b_feat                         0.1525     0.948     0.6142     0.909     0.0749     0.912
b_featlm                       0.1518     0.948     0.5988     0.913     0.0718     0.921
c_graph                        0.1527     0.944     0.6085     0.906     0.0734     0.903
c_harm                         0.1516     0.945     0.6017     0.903     0.0712     0.903
c_harm_lm                      0.1531     0.945     0.5927     0.906     0.0756     0.910
d_corpus                       0.1502     0.960     0.6131     0.913     0.0742     0.913
d_hybrid                       0.1512     0.969     0.6131     0.912     0.0745     0.942
zero+graph                     0.1559     0.945     0.6775     0.908     0.0803     0.917
LM+graph                       0.1581     0.943     0.6571     0.910     0.0810     0.909
feat+LM+graph                  0.1581     0.941     0.6481     0.911     0.0792     0.911
headline (feat+LM+harm)        0.1580     0.940     0.6332     0.913     0.0779     0.911
