loaded rows: ['independent', 'chain', 'additive', 'matern1', 'matern2', 'matern3', 'diffusion', 'norm_additive', 'tonal', 'harmonic', 'harmonic_vl']

===== mu = mu_LM (strict mask-aware) =====
kernel             RMSE       NLL   cov@.9  cal-err  med-cell    worst      dRMSE vs additive [95% CI]    dNLL vs additive [95% CI]  guard
independent      0.4458   -0.1902    0.919    0.085    0.4331   0.7407      +0.0523 [+0.0368,+0.0695]*   +0.1314 [+0.1042,+0.1622]*  clean
chain            0.3922   -0.2916    0.916    0.063    0.3859   0.6290      -0.0003 [-0.0097,+0.0082]    +0.0306 [+0.0109,+0.0519]*  clean
additive         0.3930   -0.3223    0.921    0.067    0.3865   0.5954                               —                            —  clean
matern1          0.3932   -0.3206    0.921    0.064    0.3871   0.5953      +0.0002 [+0.0000,+0.0003]*   +0.0017 [-0.0001,+0.0036]   clean
matern2          0.3921   -0.3209    0.919    0.064    0.3834   0.5947      -0.0008 [-0.0025,+0.0005]    +0.0014 [-0.0032,+0.0064]   1c/0x
matern3          0.3923   -0.3180    0.918    0.062    0.3889   0.5981      -0.0006 [-0.0026,+0.0010]    +0.0041 [-0.0028,+0.0117]   0c/1x
diffusion        0.3929   -0.3116    0.917    0.062    0.3869   0.6085      -0.0000 [-0.0024,+0.0022]    +0.0104 [-0.0005,+0.0223]   clean
norm_additive    0.3924   -0.3264    0.922    0.068    0.3975   0.6011      -0.0007 [-0.0031,+0.0018]    -0.0045 [-0.0198,+0.0104]   0c/1x
tonal            0.4026   -0.3002    0.921    0.061    0.4057   0.6354      +0.0093 [+0.0034,+0.0160]*   +0.0217 [+0.0053,+0.0388]*  clean
harmonic         0.3842   -0.3310    0.923    0.066    0.3749   0.5956      -0.0089 [-0.0126,-0.0054]*   -0.0088 [-0.0180,+0.0004]   1c/0x
harmonic_vl      0.3852   -0.3352    0.922    0.066    0.3762   0.5956      -0.0076 [-0.0110,-0.0046]*   -0.0130 [-0.0195,-0.0061]*  0c/1x

===== mu = 0 =====
kernel             RMSE       NLL   cov@.9  cal-err  med-cell    worst      dRMSE vs additive [95% CI]    dNLL vs additive [95% CI]  guard
independent      0.5664   -0.0719    0.917    0.179    0.5314   0.9061      +0.1569 [+0.1218,+0.1953]*   +0.2357 [+0.1915,+0.2771]*  clean
chain            0.4077   -0.2562    0.914    0.080    0.3998   0.6149      +0.0039 [-0.0079,+0.0155]    +0.0524 [+0.0248,+0.0784]*  clean
additive         0.4041   -0.3083    0.923    0.083    0.3972   0.6048                               —                            —  clean
matern1          0.4038   -0.3061    0.923    0.084    0.3959   0.6048      -0.0003 [-0.0009,+0.0002]    +0.0022 [-0.0000,+0.0047]   clean
matern2          0.4042   -0.3064    0.920    0.081    0.3980   0.6067      +0.0002 [-0.0021,+0.0021]    +0.0019 [-0.0040,+0.0082]   1c/0x
matern3          0.4049   -0.3100    0.919    0.080    0.3976   0.6073      +0.0010 [-0.0018,+0.0036]    -0.0018 [-0.0099,+0.0070]   0c/1x
diffusion        0.4072   -0.3090    0.918    0.082    0.3991   0.6068      +0.0033 [-0.0006,+0.0068]    -0.0010 [-0.0226,+0.0161]   clean
norm_additive    0.4042   -0.3108    0.924    0.086    0.3974   0.6065      +0.0001 [-0.0032,+0.0035]    -0.0029 [-0.0208,+0.0133]   0c/1x
tonal            0.4158   -0.2746    0.924    0.077    0.4067   0.6361      +0.0114 [+0.0046,+0.0192]*   +0.0334 [+0.0100,+0.0523]*  clean
harmonic         0.3957   -0.3137    0.927    0.083    0.3915   0.6049      -0.0084 [-0.0125,-0.0047]*   -0.0056 [-0.0166,+0.0072]   1c/0x
harmonic_vl      0.3953   -0.3209    0.927    0.083    0.3931   0.6051      -0.0085 [-0.0125,-0.0052]*   -0.0127 [-0.0209,-0.0035]*  0c/1x

===== per-channel appendix (RMSE / cov@.9) =====
-- mu = LM
kernel           tau RMSE   tau cov log r RMSE log r cov     v RMSE     v cov
independent        0.1664     0.942     0.7474     0.915     0.0989     0.900
chain              0.1674     0.940     0.6528     0.904     0.0847     0.904
additive           0.1581     0.943     0.6571     0.910     0.0810     0.909
matern1            0.1591     0.942     0.6572     0.910     0.0811     0.910
matern2            0.1585     0.941     0.6554     0.907     0.0811     0.908
matern3            0.1576     0.939     0.6559     0.907     0.0811     0.907
diffusion          0.1576     0.938     0.6570     0.907     0.0814     0.906
norm_additive      0.1538     0.942     0.6571     0.913     0.0806     0.910
tonal              0.1580     0.943     0.6742     0.913     0.0827     0.909
harmonic           0.1580     0.945     0.6415     0.914     0.0798     0.911
harmonic_vl        0.1579     0.942     0.6432     0.913     0.0796     0.910

-- mu = zero
kernel           tau RMSE   tau cov log r RMSE log r cov     v RMSE     v cov
independent        0.1627     0.948     0.9600     0.903     0.1194     0.899
chain              0.1652     0.944     0.6803     0.905     0.0925     0.893
additive           0.1559     0.945     0.6775     0.908     0.0803     0.917
matern1            0.1567     0.945     0.6769     0.907     0.0804     0.917
matern2            0.1560     0.943     0.6779     0.904     0.0794     0.913
matern3            0.1554     0.942     0.6793     0.903     0.0794     0.911
diffusion          0.1556     0.942     0.6832     0.901     0.0800     0.910
norm_additive      0.1522     0.947     0.6786     0.907     0.0807     0.918
tonal              0.1556     0.947     0.6977     0.909     0.0875     0.917
harmonic           0.1558     0.945     0.6626     0.911     0.0805     0.924
harmonic_vl        0.1559     0.944     0.6619     0.912     0.0795     0.924

