=== paired vs additive ===
loaded rows: ['independent', 'chain', 'additive', 'matern1', 'matern2', 'matern3', 'diffusion', 'norm_additive', 'tonal', 'harmonic', 'harmonic_vl', 'harmonic_c03_v1', 'harmonic_c3_v1', 'harmonic_c1_v03', 'harmonic_c1_v3', 'harmonic_c03_v03', 'harmonic_c3_v3'] | baseline: additive

===== mu = mu_LM (strict mask-aware) =====
kernel               RMSE       NLL   cov@.9  cal-err  med-cell    worst      dRMSE vs additive [95% CI]    dNLL vs additive [95% CI]  guard
independent        0.4458   -0.1902    0.919    0.085    0.4331   0.7407      +0.0523 [+0.0368,+0.0695]*   +0.1314 [+0.1042,+0.1622]*  clean
chain              0.3922   -0.2916    0.916    0.063    0.3859   0.6290      -0.0003 [-0.0097,+0.0082]    +0.0306 [+0.0109,+0.0519]*  clean
additive           0.3930   -0.3223    0.921    0.067    0.3865   0.5954                               —                            —  clean
matern1            0.3932   -0.3206    0.921    0.064    0.3871   0.5953      +0.0002 [+0.0000,+0.0003]*   +0.0017 [-0.0001,+0.0036]   clean
matern2            0.3921   -0.3209    0.919    0.064    0.3834   0.5947      -0.0008 [-0.0025,+0.0005]    +0.0014 [-0.0032,+0.0064]   1c/0x
matern3            0.3923   -0.3180    0.918    0.062    0.3889   0.5981      -0.0006 [-0.0026,+0.0010]    +0.0041 [-0.0028,+0.0117]   0c/1x
diffusion          0.3929   -0.3116    0.917    0.062    0.3869   0.6085      -0.0000 [-0.0024,+0.0022]    +0.0104 [-0.0005,+0.0223]   clean
norm_additive      0.3924   -0.3264    0.922    0.068    0.3975   0.6011      -0.0007 [-0.0031,+0.0018]    -0.0045 [-0.0198,+0.0104]   0c/1x
tonal              0.4026   -0.3002    0.921    0.061    0.4057   0.6354      +0.0093 [+0.0034,+0.0160]*   +0.0217 [+0.0053,+0.0388]*  clean
harmonic           0.3842   -0.3310    0.923    0.066    0.3749   0.5956      -0.0089 [-0.0126,-0.0054]*   -0.0088 [-0.0180,+0.0004]   1c/0x
harmonic_vl        0.3852   -0.3352    0.922    0.066    0.3762   0.5956      -0.0076 [-0.0110,-0.0046]*   -0.0130 [-0.0195,-0.0061]*  0c/1x
harmonic_c03_v1    0.3892   -0.3317    0.920    0.066    0.3823   0.5939      -0.0035 [-0.0059,-0.0015]*   -0.0095 [-0.0167,-0.0037]*  0c/1x
harmonic_c3_v1     0.3820   -0.3265    0.923    0.066    0.3723   0.6009      -0.0112 [-0.0170,-0.0058]*   -0.0044 [-0.0194,+0.0131]   1c/0x
harmonic_c1_v03    0.3844   -0.3331    0.923    0.066    0.3747   0.5954      -0.0086 [-0.0118,-0.0055]*   -0.0108 [-0.0176,-0.0027]*  1c/0x
harmonic_c1_v3     0.3872   -0.3338    0.920    0.067    0.3802   0.5974      -0.0053 [-0.0096,-0.0019]*   -0.0116 [-0.0249,-0.0011]*  0c/1x
harmonic_c03_v03   0.3889   -0.3306    0.921    0.066    0.3823   0.5932      -0.0040 [-0.0057,-0.0023]*   -0.0083 [-0.0121,-0.0044]*  1c/0x
harmonic_c3_v3     0.3843   -0.3307    0.921    0.067    0.3736   0.6014      -0.0085 [-0.0137,-0.0035]*   -0.0085 [-0.0212,+0.0040]   1c/0x

===== mu = 0 =====
kernel               RMSE       NLL   cov@.9  cal-err  med-cell    worst      dRMSE vs additive [95% CI]    dNLL vs additive [95% CI]  guard
independent        0.5664   -0.0719    0.917    0.179    0.5314   0.9061      +0.1569 [+0.1215,+0.1949]*   +0.2357 [+0.1932,+0.2771]*  clean
chain              0.4077   -0.2562    0.914    0.080    0.3998   0.6149      +0.0039 [-0.0090,+0.0157]    +0.0524 [+0.0244,+0.0779]*  clean
additive           0.4041   -0.3083    0.923    0.083    0.3972   0.6048                               —                            —  clean
matern1            0.4038   -0.3061    0.923    0.084    0.3959   0.6048      -0.0003 [-0.0009,+0.0002]    +0.0022 [+0.0001,+0.0047]*  clean
matern2            0.4042   -0.3064    0.920    0.081    0.3980   0.6067      +0.0002 [-0.0022,+0.0023]    +0.0019 [-0.0039,+0.0082]   1c/0x
matern3            0.4049   -0.3100    0.919    0.080    0.3976   0.6073      +0.0010 [-0.0020,+0.0033]    -0.0018 [-0.0098,+0.0066]   0c/1x
diffusion          0.4072   -0.3090    0.918    0.082    0.3991   0.6068      +0.0033 [-0.0006,+0.0067]    -0.0010 [-0.0224,+0.0166]   clean
norm_additive      0.4042   -0.3108    0.924    0.086    0.3974   0.6065      +0.0001 [-0.0031,+0.0034]    -0.0029 [-0.0198,+0.0129]   0c/1x
tonal              0.4158   -0.2746    0.924    0.077    0.4067   0.6361      +0.0114 [+0.0043,+0.0192]*   +0.0334 [+0.0098,+0.0523]*  clean
harmonic           0.3957   -0.3137    0.927    0.083    0.3915   0.6049      -0.0084 [-0.0125,-0.0047]*   -0.0056 [-0.0161,+0.0067]   1c/0x
harmonic_vl        0.3953   -0.3209    0.927    0.083    0.3931   0.6051      -0.0085 [-0.0123,-0.0053]*   -0.0127 [-0.0211,-0.0035]*  0c/1x
harmonic_c03_v1    0.3986   -0.3202    0.925    0.082    0.3932   0.6038      -0.0052 [-0.0079,-0.0031]*   -0.0120 [-0.0186,-0.0051]*  0c/1x
harmonic_c3_v1     0.3944   -0.3073    0.927    0.083    0.3932   0.6066      -0.0100 [-0.0163,-0.0039]*   +0.0006 [-0.0214,+0.0238]   1c/0x
harmonic_c1_v03    0.3954   -0.3162    0.927    0.083    0.3933   0.6050      -0.0087 [-0.0127,-0.0052]*   -0.0081 [-0.0174,+0.0030]   1c/0x
harmonic_c1_v3     0.3964   -0.3209    0.925    0.084    0.3919   0.6055      -0.0072 [-0.0116,-0.0037]*   -0.0127 [-0.0240,-0.0007]*  0c/1x
harmonic_c03_v03   0.3988   -0.3191    0.926    0.083    0.3932   0.6036      -0.0051 [-0.0073,-0.0032]*   -0.0108 [-0.0150,-0.0064]*  1c/0x
harmonic_c3_v3     0.3952   -0.3131    0.925    0.084    0.3907   0.6067      -0.0089 [-0.0150,-0.0032]*   -0.0050 [-0.0224,+0.0138]   1c/0x

===== per-channel appendix (RMSE / cov@.9) =====
-- mu = LM
kernel             tau RMSE   tau cov log r RMSE log r cov     v RMSE     v cov
independent          0.1664     0.942     0.7474     0.915     0.0989     0.900
chain                0.1674     0.940     0.6528     0.904     0.0847     0.904
additive             0.1581     0.943     0.6571     0.910     0.0810     0.909
matern1              0.1591     0.942     0.6572     0.910     0.0811     0.910
matern2              0.1585     0.941     0.6554     0.907     0.0811     0.908
matern3              0.1576     0.939     0.6559     0.907     0.0811     0.907
diffusion            0.1576     0.938     0.6570     0.907     0.0814     0.906
norm_additive        0.1538     0.942     0.6571     0.913     0.0806     0.910
tonal                0.1580     0.943     0.6742     0.913     0.0827     0.909
harmonic             0.1580     0.945     0.6415     0.914     0.0798     0.911
harmonic_vl          0.1579     0.942     0.6432     0.913     0.0796     0.910
harmonic_c03_v1      0.1580     0.940     0.6503     0.911     0.0802     0.910
harmonic_c3_v1       0.1582     0.943     0.6373     0.915     0.0804     0.910
harmonic_c1_v03      0.1578     0.944     0.6418     0.914     0.0797     0.910
harmonic_c1_v3       0.1581     0.939     0.6468     0.912     0.0799     0.908
harmonic_c03_v03     0.1581     0.942     0.6498     0.912     0.0800     0.910
harmonic_c3_v3       0.1583     0.941     0.6415     0.913     0.0801     0.910

-- mu = zero
kernel             tau RMSE   tau cov log r RMSE log r cov     v RMSE     v cov
independent          0.1627     0.948     0.9600     0.903     0.1194     0.899
chain                0.1652     0.944     0.6803     0.905     0.0925     0.893
additive             0.1559     0.945     0.6775     0.908     0.0803     0.917
matern1              0.1567     0.945     0.6769     0.907     0.0804     0.917
matern2              0.1560     0.943     0.6779     0.904     0.0794     0.913
matern3              0.1554     0.942     0.6793     0.903     0.0794     0.911
diffusion            0.1556     0.942     0.6832     0.901     0.0800     0.910
norm_additive        0.1522     0.947     0.6786     0.907     0.0807     0.918
tonal                0.1556     0.947     0.6977     0.909     0.0875     0.917
harmonic             0.1558     0.945     0.6626     0.911     0.0805     0.924
harmonic_vl          0.1559     0.944     0.6619     0.912     0.0795     0.924
harmonic_c03_v1      0.1558     0.944     0.6679     0.909     0.0789     0.920
harmonic_c3_v1       0.1562     0.945     0.6599     0.913     0.0821     0.923
harmonic_c1_v03      0.1558     0.944     0.6620     0.912     0.0800     0.926
harmonic_c1_v3       0.1560     0.943     0.6639     0.910     0.0792     0.921
harmonic_c03_v03     0.1558     0.945     0.6683     0.911     0.0793     0.922
harmonic_c3_v3       0.1564     0.943     0.6615     0.912     0.0811     0.921


=== paired vs harmonic_vl (the (1,1) default) ===
loaded rows: ['independent', 'chain', 'additive', 'matern1', 'matern2', 'matern3', 'diffusion', 'norm_additive', 'tonal', 'harmonic', 'harmonic_vl', 'harmonic_c03_v1', 'harmonic_c3_v1', 'harmonic_c1_v03', 'harmonic_c1_v3', 'harmonic_c03_v03', 'harmonic_c3_v3'] | baseline: harmonic_vl

===== mu = mu_LM (strict mask-aware) =====
kernel               RMSE       NLL   cov@.9  cal-err  med-cell    worst   dRMSE vs harmonic_vl [95% CI] dNLL vs harmonic_vl [95% CI]  guard
independent        0.4458   -0.1902    0.919    0.085    0.4331   0.7407      +0.0599 [+0.0440,+0.0772]*   +0.1444 [+0.1180,+0.1734]*  clean
chain              0.3922   -0.2916    0.916    0.063    0.3859   0.6290      +0.0073 [-0.0001,+0.0143]    +0.0436 [+0.0258,+0.0619]*  clean
additive           0.3930   -0.3223    0.921    0.067    0.3865   0.5954      +0.0076 [+0.0045,+0.0109]*   +0.0130 [+0.0065,+0.0197]*  clean
matern1            0.3932   -0.3206    0.921    0.064    0.3871   0.5953      +0.0078 [+0.0048,+0.0111]*   +0.0146 [+0.0088,+0.0211]*  clean
matern2            0.3921   -0.3209    0.919    0.064    0.3834   0.5947      +0.0068 [+0.0037,+0.0103]*   +0.0144 [+0.0057,+0.0234]*  1c/0x
matern3            0.3923   -0.3180    0.918    0.062    0.3889   0.5981      +0.0070 [+0.0037,+0.0106]*   +0.0171 [+0.0078,+0.0267]*  0c/1x
diffusion          0.3929   -0.3116    0.917    0.062    0.3869   0.6085      +0.0076 [+0.0042,+0.0115]*   +0.0234 [+0.0103,+0.0376]*  clean
norm_additive      0.3924   -0.3264    0.922    0.068    0.3975   0.6011      +0.0069 [+0.0026,+0.0114]*   +0.0085 [-0.0067,+0.0245]   0c/1x
tonal              0.4026   -0.3002    0.921    0.061    0.4057   0.6354      +0.0168 [+0.0109,+0.0243]*   +0.0347 [+0.0191,+0.0496]*  clean
harmonic           0.3842   -0.3310    0.923    0.066    0.3749   0.5956      -0.0013 [-0.0032,+0.0010]    +0.0042 [-0.0027,+0.0111]   1c/0x
harmonic_vl        0.3852   -0.3352    0.922    0.066    0.3762   0.5956                               —                            —  0c/1x
harmonic_c03_v1    0.3892   -0.3317    0.920    0.066    0.3823   0.5939      +0.0041 [+0.0024,+0.0058]*   +0.0035 [-0.0018,+0.0085]   0c/1x
harmonic_c3_v1     0.3820   -0.3265    0.923    0.066    0.3723   0.6009      -0.0036 [-0.0070,-0.0003]*   +0.0086 [-0.0030,+0.0218]   1c/0x
harmonic_c1_v03    0.3844   -0.3331    0.923    0.066    0.3747   0.5954      -0.0010 [-0.0022,+0.0004]    +0.0022 [-0.0029,+0.0079]   1c/0x
harmonic_c1_v3     0.3872   -0.3338    0.920    0.067    0.3802   0.5974      +0.0023 [+0.0004,+0.0039]*   +0.0014 [-0.0077,+0.0088]   0c/1x
harmonic_c03_v03   0.3889   -0.3306    0.921    0.066    0.3823   0.5932      +0.0036 [+0.0020,+0.0054]*   +0.0046 [+0.0006,+0.0083]*  1c/0x
harmonic_c3_v3     0.3843   -0.3307    0.921    0.067    0.3736   0.6014      -0.0009 [-0.0033,+0.0015]    +0.0045 [-0.0020,+0.0110]   1c/0x

===== mu = 0 =====
kernel               RMSE       NLL   cov@.9  cal-err  med-cell    worst   dRMSE vs harmonic_vl [95% CI] dNLL vs harmonic_vl [95% CI]  guard
independent        0.5664   -0.0719    0.917    0.179    0.5314   0.9061      +0.1654 [+0.1290,+0.2041]*   +0.2484 [+0.2032,+0.2928]*  clean
chain              0.4077   -0.2562    0.914    0.080    0.3998   0.6149      +0.0124 [+0.0010,+0.0234]*   +0.0651 [+0.0377,+0.0903]*  clean
additive           0.4041   -0.3083    0.923    0.083    0.3972   0.6048      +0.0085 [+0.0052,+0.0122]*   +0.0127 [+0.0027,+0.0216]*  clean
matern1            0.4038   -0.3061    0.923    0.084    0.3959   0.6048      +0.0083 [+0.0048,+0.0122]*   +0.0149 [+0.0058,+0.0230]*  clean
matern2            0.4042   -0.3064    0.920    0.081    0.3980   0.6067      +0.0088 [+0.0050,+0.0129]*   +0.0146 [+0.0035,+0.0250]*  1c/0x
matern3            0.4049   -0.3100    0.919    0.080    0.3976   0.6073      +0.0096 [+0.0057,+0.0140]*   +0.0109 [-0.0007,+0.0227]   0c/1x
diffusion          0.4072   -0.3090    0.918    0.082    0.3991   0.6068      +0.0118 [+0.0070,+0.0177]*   +0.0118 [-0.0091,+0.0312]   clean
norm_additive      0.4042   -0.3108    0.924    0.086    0.3974   0.6065      +0.0086 [+0.0035,+0.0140]*   +0.0099 [-0.0080,+0.0276]   0c/1x
tonal              0.4158   -0.2746    0.924    0.077    0.4067   0.6361      +0.0199 [+0.0131,+0.0278]*   +0.0461 [+0.0270,+0.0624]*  clean
harmonic           0.3957   -0.3137    0.927    0.083    0.3915   0.6049      +0.0002 [-0.0018,+0.0025]    +0.0072 [+0.0001,+0.0150]*  1c/0x
harmonic_vl        0.3953   -0.3209    0.927    0.083    0.3931   0.6051                               —                            —  0c/1x
harmonic_c03_v1    0.3986   -0.3202    0.925    0.082    0.3932   0.6038      +0.0034 [+0.0014,+0.0054]*   +0.0007 [-0.0061,+0.0078]   0c/1x
harmonic_c3_v1     0.3944   -0.3073    0.927    0.083    0.3932   0.6066      -0.0015 [-0.0048,+0.0022]    +0.0133 [-0.0014,+0.0288]   1c/0x
harmonic_c1_v03    0.3954   -0.3162    0.927    0.083    0.3933   0.6050      -0.0001 [-0.0014,+0.0015]    +0.0046 [-0.0003,+0.0102]   1c/0x
harmonic_c1_v3     0.3964   -0.3209    0.925    0.084    0.3919   0.6055      +0.0013 [-0.0008,+0.0032]    +0.0000 [-0.0072,+0.0068]   0c/1x
harmonic_c03_v03   0.3988   -0.3191    0.926    0.083    0.3932   0.6036      +0.0035 [+0.0014,+0.0057]*   +0.0019 [-0.0041,+0.0080]   1c/0x
harmonic_c3_v3     0.3952   -0.3131    0.925    0.084    0.3907   0.6067      -0.0004 [-0.0033,+0.0030]    +0.0077 [-0.0020,+0.0174]   1c/0x

===== per-channel appendix (RMSE / cov@.9) =====
-- mu = LM
kernel             tau RMSE   tau cov log r RMSE log r cov     v RMSE     v cov
independent          0.1664     0.942     0.7474     0.915     0.0989     0.900
chain                0.1674     0.940     0.6528     0.904     0.0847     0.904
additive             0.1581     0.943     0.6571     0.910     0.0810     0.909
matern1              0.1591     0.942     0.6572     0.910     0.0811     0.910
matern2              0.1585     0.941     0.6554     0.907     0.0811     0.908
matern3              0.1576     0.939     0.6559     0.907     0.0811     0.907
diffusion            0.1576     0.938     0.6570     0.907     0.0814     0.906
norm_additive        0.1538     0.942     0.6571     0.913     0.0806     0.910
tonal                0.1580     0.943     0.6742     0.913     0.0827     0.909
harmonic             0.1580     0.945     0.6415     0.914     0.0798     0.911
harmonic_vl          0.1579     0.942     0.6432     0.913     0.0796     0.910
harmonic_c03_v1      0.1580     0.940     0.6503     0.911     0.0802     0.910
harmonic_c3_v1       0.1582     0.943     0.6373     0.915     0.0804     0.910
harmonic_c1_v03      0.1578     0.944     0.6418     0.914     0.0797     0.910
harmonic_c1_v3       0.1581     0.939     0.6468     0.912     0.0799     0.908
harmonic_c03_v03     0.1581     0.942     0.6498     0.912     0.0800     0.910
harmonic_c3_v3       0.1583     0.941     0.6415     0.913     0.0801     0.910

-- mu = zero
kernel             tau RMSE   tau cov log r RMSE log r cov     v RMSE     v cov
independent          0.1627     0.948     0.9600     0.903     0.1194     0.899
chain                0.1652     0.944     0.6803     0.905     0.0925     0.893
additive             0.1559     0.945     0.6775     0.908     0.0803     0.917
matern1              0.1567     0.945     0.6769     0.907     0.0804     0.917
matern2              0.1560     0.943     0.6779     0.904     0.0794     0.913
matern3              0.1554     0.942     0.6793     0.903     0.0794     0.911
diffusion            0.1556     0.942     0.6832     0.901     0.0800     0.910
norm_additive        0.1522     0.947     0.6786     0.907     0.0807     0.918
tonal                0.1556     0.947     0.6977     0.909     0.0875     0.917
harmonic             0.1558     0.945     0.6626     0.911     0.0805     0.924
harmonic_vl          0.1559     0.944     0.6619     0.912     0.0795     0.924
harmonic_c03_v1      0.1558     0.944     0.6679     0.909     0.0789     0.920
harmonic_c3_v1       0.1562     0.945     0.6599     0.913     0.0821     0.923
harmonic_c1_v03      0.1558     0.944     0.6620     0.912     0.0800     0.926
harmonic_c1_v3       0.1560     0.943     0.6639     0.910     0.0792     0.921
harmonic_c03_v03     0.1558     0.945     0.6683     0.911     0.0793     0.922
harmonic_c3_v3       0.1564     0.943     0.6615     0.912     0.0811     0.921

