\BOOKMARK [0][-]{chapter.1}{\376\377\000I\000n\000t\000r\000o\000d\000u\000c\000t\000i\000o\000n}{}% 1
\BOOKMARK [1][-]{section.1.1}{\376\377\000M\000o\000t\000i\000v\000a\000t\000i\000o\000n}{chapter.1}% 2
\BOOKMARK [1][-]{section.1.2}{\376\377\000P\000r\000o\000b\000l\000e\000m\000\040\000s\000t\000a\000t\000e\000m\000e\000n\000t}{chapter.1}% 3
\BOOKMARK [1][-]{section.1.3}{\376\377\000C\000o\000n\000t\000r\000i\000b\000u\000t\000i\000o\000n\000s}{chapter.1}% 4
\BOOKMARK [1][-]{section.1.4}{\376\377\000S\000c\000o\000p\000e\000\040\000a\000n\000d\000\040\000n\000o\000n\000-\000g\000o\000a\000l\000s}{chapter.1}% 5
\BOOKMARK [1][-]{section.1.5}{\376\377\000T\000h\000e\000s\000i\000s\000\040\000o\000u\000t\000l\000i\000n\000e}{chapter.1}% 6
\BOOKMARK [0][-]{chapter.2}{\376\377\000B\000a\000c\000k\000g\000r\000o\000u\000n\000d\000\040\000a\000n\000d\000\040\000R\000e\000l\000a\000t\000e\000d\000\040\000W\000o\000r\000k}{}% 7
\BOOKMARK [1][-]{section.2.1}{\376\377\000C\000o\000m\000p\000u\000t\000a\000t\000i\000o\000n\000a\000l\000\040\000m\000o\000d\000e\000l\000s\000\040\000o\000f\000\040\000e\000x\000p\000r\000e\000s\000s\000i\000v\000e\000\040\000p\000e\000r\000f\000o\000r\000m\000a\000n\000c\000e}{chapter.2}% 8
\BOOKMARK [1][-]{section.2.2}{\376\377\000S\000c\000o\000r\000e\000-\000t\000o\000-\000p\000e\000r\000f\000o\000r\000m\000a\000n\000c\000e\000\040\000a\000l\000i\000g\000n\000m\000e\000n\000t}{chapter.2}% 9
\BOOKMARK [1][-]{section.2.3}{\376\377\000S\000t\000r\000u\000c\000t\000u\000r\000e\000d\000\040\000p\000r\000i\000o\000r\000s\000:\000\040\000G\000M\000R\000F\000s\000\040\000a\000n\000d\000\040\000t\000h\000e\000\040\000S\000P\000D\000E\000\040\000a\000p\000p\000r\000o\000a\000c\000h}{chapter.2}% 10
\BOOKMARK [1][-]{section.2.4}{\376\377\000S\000y\000m\000b\000o\000l\000i\000c\000\040\000m\000u\000s\000i\000c\000\040\000l\000a\000n\000g\000u\000a\000g\000e\000\040\000m\000o\000d\000e\000l\000s}{chapter.2}% 11
\BOOKMARK [1][-]{section.2.5}{\376\377\000D\000i\000f\000f\000e\000r\000e\000n\000t\000i\000a\000b\000l\000e\000\040\000s\000y\000n\000t\000h\000e\000s\000i\000s}{chapter.2}% 12
\BOOKMARK [0][-]{chapter.3}{\376\377\000M\000o\000d\000e\000l\000\040\000a\000n\000d\000\040\000F\000o\000r\000m\000u\000l\000a\000t\000i\000o\000n}{}% 13
\BOOKMARK [1][-]{section.3.1}{\376\377\000S\000c\000o\000r\000e\000\040\000a\000n\000d\000\040\000p\000e\000r\000f\000o\000r\000m\000a\000n\000c\000e\000\040\000v\000a\000r\000i\000a\000b\000l\000e\000s}{chapter.3}% 14
\BOOKMARK [1][-]{section.3.2}{\376\377\000T\000h\000e\000\040\000s\000c\000o\000r\000e\000\040\000g\000r\000a\000p\000h}{chapter.3}% 15
\BOOKMARK [1][-]{section.3.3}{\376\377\000G\000r\000a\000p\000h\000\040\000p\000r\000i\000o\000r\000\040\000\050\000G\000M\000R\000F\000\051}{chapter.3}% 16
\BOOKMARK [1][-]{section.3.4}{\376\377\000O\000b\000s\000e\000r\000v\000a\000t\000i\000o\000n\000\040\000a\000n\000d\000\040\000p\000o\000s\000t\000e\000r\000i\000o\000r}{chapter.3}% 17
\BOOKMARK [1][-]{section.3.5}{\376\377\000L\000e\000a\000r\000n\000e\000d\000\040\000p\000r\000i\000o\000r\000\040\000m\000e\000a\000n\000\040\000a\000n\000d\000\040\000t\000h\000e\000\040\000l\000e\000a\000k\000-\000f\000r\000e\000e\000\040\000r\000e\000a\000d\000-\000o\000u\000t}{chapter.3}% 18
\BOOKMARK [1][-]{section.3.6}{\376\377\000H\000y\000p\000e\000r\000p\000a\000r\000a\000m\000e\000t\000e\000r\000s\000,\000\040\000f\000i\000t\000,\000\040\000a\000n\000d\000\040\000r\000o\000b\000u\000s\000t\000n\000e\000s\000s}{chapter.3}% 19
\BOOKMARK [0][-]{chapter.4}{\376\377\000D\000a\000t\000a\000\040\000a\000n\000d\000\040\000E\000x\000p\000e\000r\000i\000m\000e\000n\000t\000a\000l\000\040\000P\000r\000o\000t\000o\000c\000o\000l}{}% 20
\BOOKMARK [1][-]{section.4.1}{\376\377\000P\000r\000e\000t\000r\000a\000i\000n\000i\000n\000g\000\040\000c\000o\000r\000p\000u\000s\000\040\000\050\000M\000A\000E\000S\000T\000R\000O\000\051}{chapter.4}% 21
\BOOKMARK [1][-]{section.4.2}{\376\377\000E\000v\000a\000l\000u\000a\000t\000i\000o\000n\000\040\000c\000o\000r\000p\000u\000s\000\040\000\050\000A\000S\000A\000P\000\051\000\040\000a\000n\000d\000\040\000t\000a\000r\000g\000e\000t\000\040\000e\000x\000t\000r\000a\000c\000t\000i\000o\000n}{chapter.4}% 22
\BOOKMARK [1][-]{section.4.3}{\376\377\000C\000o\000n\000t\000a\000m\000i\000n\000a\000t\000i\000o\000n\000\040\000c\000o\000n\000t\000r\000o\000l\000\040\000a\000n\000d\000\040\000t\000h\000e\000\040\000s\000t\000r\000i\000c\000t\000\040\000p\000r\000o\000t\000o\000c\000o\000l}{chapter.4}% 23
\BOOKMARK [1][-]{section.4.4}{\376\377\000M\000e\000t\000r\000i\000c\000s}{chapter.4}% 24
\BOOKMARK [1][-]{section.4.5}{\376\377\000P\000e\000r\000f\000o\000r\000m\000e\000r\000-\000i\000d\000e\000n\000t\000i\000f\000i\000c\000a\000t\000i\000o\000n\000\040\000c\000o\000r\000p\000u\000s\000\040\000\050\000V\000i\000e\000n\000n\000a\000\040\0004\000x\0002\0002\000\051}{chapter.4}% 25
\BOOKMARK [0][-]{chapter.5}{\376\377\000P\000h\000a\000s\000e\000-\0001\000\040\000R\000e\000s\000u\000l\000t\000s}{}% 26
\BOOKMARK [1][-]{section.5.1}{\376\377\000H\000e\000a\000d\000l\000i\000n\000e\000:\000\040\000r\000e\000c\000o\000v\000e\000r\000y\000\040\000a\000n\000d\000\040\000c\000a\000l\000i\000b\000r\000a\000t\000i\000o\000n}{chapter.5}% 27
\BOOKMARK [1][-]{section.5.2}{\376\377\000T\000h\000e\000\040\000e\000v\000a\000l\000u\000a\000t\000i\000o\000n\000\040\000l\000e\000a\000k\000:\000\040\000d\000i\000s\000c\000o\000v\000e\000r\000y\000,\000\040\000f\000i\000x\000,\000\040\000r\000e\000-\000m\000e\000a\000s\000u\000r\000e\000m\000e\000n\000t}{chapter.5}% 28
\BOOKMARK [1][-]{section.5.3}{\376\377\000H\000y\000p\000e\000r\000p\000a\000r\000a\000m\000e\000t\000e\000r\000\040\000f\000r\000a\000g\000i\000l\000i\000t\000y\000\040\000a\000n\000d\000\040\000t\000h\000e\000\040\000g\000u\000a\000r\000d}{chapter.5}% 29
\BOOKMARK [1][-]{section.5.4}{\376\377\000D\000o\000\040\000h\000a\000n\000d\000-\000b\000u\000i\000l\000t\000\040\000f\000e\000a\000t\000u\000r\000e\000s\000\040\000s\000u\000f\000f\000i\000c\000e\000?}{chapter.5}% 30
\BOOKMARK [1][-]{section.5.5}{\376\377\000S\000t\000a\000g\000e\000-\0002\000:\000\040\000t\000a\000s\000k\000-\000m\000a\000t\000c\000h\000e\000d\000\040\000p\000r\000e\000t\000r\000a\000i\000n\000i\000n\000g\000,\000\040\000a\000n\000\040\000h\000o\000n\000e\000s\000t\000\040\000n\000e\000g\000a\000t\000i\000v\000e}{chapter.5}% 31
\BOOKMARK [1][-]{section.5.6}{\376\377\000S\000c\000a\000l\000i\000n\000g\000:\000\040\000a\000\040\000b\000i\000g\000g\000e\000r\000\040\000L\000M\000\040\000d\000o\000e\000s\000\040\000n\000o\000t\000\040\000h\000e\000l\000p}{chapter.5}% 32
\BOOKMARK [0][-]{chapter.6}{\376\377\000D\000o\000w\000n\000s\000t\000r\000e\000a\000m\000\040\000T\000a\000s\000k\000s}{}% 33
\BOOKMARK [1][-]{section.6.1}{\376\377\000E\000r\000r\000o\000r\000\040\000s\000p\000o\000t\000t\000i\000n\000g\000\040\000\050\000a\000n\000o\000m\000a\000l\000y\000\040\000d\000e\000t\000e\000c\000t\000i\000o\000n\000\051\000\040\040\024\000\040\000c\000l\000e\000a\000r\000\040\000w\000i\000n}{chapter.6}% 34
\BOOKMARK [1][-]{section.6.2}{\376\377\000D\000e\000n\000o\000i\000s\000i\000n\000g\000\040\040\024\000\040\000w\000i\000n\000\040\000a\000t\000\040\000k\000n\000o\000w\000n\000\040\000n\000o\000i\000s\000e\000\040\000l\000e\000v\000e\000l}{chapter.6}% 35
\BOOKMARK [1][-]{section.6.3}{\376\377\000C\000o\000m\000p\000l\000e\000t\000i\000o\000n\000\040\000/\000\040\000r\000e\000n\000d\000e\000r\000i\000n\000g\000\040\000f\000r\000o\000m\000\040\000a\000n\000\040\000e\000x\000c\000e\000r\000p\000t\000\040\040\024\000\040\000p\000a\000r\000t\000i\000a\000l}{chapter.6}% 36
\BOOKMARK [1][-]{section.6.4}{\376\377\000S\000e\000l\000e\000c\000t\000i\000v\000e\000\040\000p\000r\000e\000d\000i\000c\000t\000i\000o\000n\000\040\040\024\000\040\000q\000u\000a\000l\000i\000f\000i\000e\000d\000\040\000w\000i\000n}{chapter.6}% 37
\BOOKMARK [1][-]{section.6.5}{\376\377\000M\000u\000s\000i\000c\000a\000l\000-\000e\000r\000a\000\040\000c\000l\000a\000s\000s\000i\000f\000i\000c\000a\000t\000i\000o\000n\000\040\040\024\000\040\000h\000o\000n\000e\000s\000t\000\040\000n\000e\000g\000a\000t\000i\000v\000e}{chapter.6}% 38
\BOOKMARK [1][-]{section.6.6}{\376\377\000P\000e\000r\000f\000o\000r\000m\000e\000r\000\040\000i\000d\000e\000n\000t\000i\000f\000i\000c\000a\000t\000i\000o\000n\000\040\000\050\000V\000i\000e\000n\000n\000a\000\040\0004\000x\0002\0002\000\051\000\040\040\024\000\040\000m\000i\000x\000e\000d}{chapter.6}% 39
\BOOKMARK [1][-]{section.6.7}{\376\377\000T\000h\000e\000\040\000b\000o\000u\000n\000d\000a\000r\000y}{chapter.6}% 40
\BOOKMARK [0][-]{chapter.7}{\376\377\000D\000i\000s\000c\000u\000s\000s\000i\000o\000n}{}% 41
\BOOKMARK [1][-]{section.7.1}{\376\377\000I\000n\000t\000e\000r\000p\000r\000e\000t\000a\000t\000i\000o\000n}{chapter.7}% 42
\BOOKMARK [1][-]{section.7.2}{\376\377\000L\000i\000m\000i\000t\000a\000t\000i\000o\000n\000s}{chapter.7}% 43
\BOOKMARK [1][-]{section.7.3}{\376\377\000T\000h\000r\000e\000a\000t\000s\000\040\000t\000o\000\040\000v\000a\000l\000i\000d\000i\000t\000y}{chapter.7}% 44
\BOOKMARK [0][-]{chapter.8}{\376\377\000F\000u\000t\000u\000r\000e\000\040\000W\000o\000r\000k}{}% 45
\BOOKMARK [1][-]{section.8.1}{\376\377\000P\000h\000a\000s\000e\000\040\0002\000:\000\040\000i\000n\000t\000o\000n\000a\000t\000i\000o\000n\000\040\000a\000n\000d\000\040\000v\000i\000b\000r\000a\000t\000o}{chapter.8}% 46
\BOOKMARK [1][-]{section.8.2}{\376\377\000P\000h\000a\000s\000e\000\040\0003\000:\000\040\000a\000\040\000d\000i\000f\000f\000e\000r\000e\000n\000t\000i\000a\000b\000l\000e\000-\000s\000y\000n\000t\000h\000e\000s\000i\000z\000e\000r\000\040\000a\000u\000d\000i\000o\000\040\000l\000i\000k\000e\000l\000i\000h\000o\000o\000d}{chapter.8}% 47
\BOOKMARK [1][-]{section.8.3}{\376\377\000G\000e\000o\000m\000e\000t\000r\000i\000c\000\040\000d\000i\000r\000e\000c\000t\000i\000o\000n\000:\000\040\000t\000h\000e\000\040\000s\000c\000o\000r\000e\000-\000b\000u\000n\000d\000l\000e\000\040\000c\000o\000n\000n\000e\000c\000t\000i\000o\000n\000\040\000L\000a\000p\000l\000a\000c\000i\000a\000n}{chapter.8}% 48
\BOOKMARK [1][-]{section.8.4}{\376\377\000U\000n\000k\000n\000o\000w\000n\000\040\000s\000c\000o\000r\000e\000\040\000s\000u\000p\000p\000o\000r\000t}{chapter.8}% 49
\BOOKMARK [0][-]{chapter.9}{\376\377\000C\000o\000n\000c\000l\000u\000s\000i\000o\000n}{}% 50
\BOOKMARK [0][-]{appendix.A}{\376\377\000F\000u\000l\000l\000\040\000f\000o\000r\000m\000u\000l\000a\000t\000i\000o\000n}{}% 51
\BOOKMARK [0][-]{appendix.B}{\376\377\000A\000d\000d\000i\000t\000i\000o\000n\000a\000l\000\040\000r\000e\000s\000u\000l\000t\000s}{}% 52
